SonarQube plugins:
  - C# 5.0 (csharp)
  - Java 3.13.1 (java)
  - Git 1.2 (scmgit)
  - SonarPHP 2.10.0.2087 (php)
  - SVN 1.3 (scmsvn)
  - JavaScript 2.11 (javascript)
Global properties:
  - sonar.core.id=20170830173529
  - sonar.core.startTime=2017-08-30T17:35:29-0300
  - sonar.core.version=5.6.6
  - sonar.permission.template.default=default_template
  - sonar.qualitygate=1
Settings for module: medialab-ufg:tainacan
  - sonar.language=php
  - sonar.links.ci=https://travis-ci.org/medialab-ufg/tainacan
  - sonar.links.homepage=https://github.com/medialab-ufg/tainacan
  - sonar.links.scm=https://github.com/medialab-ufg/tainacan
  - sonar.projectBaseDir=T:\tainacan
  - sonar.projectKey=medialab-ufg:tainacan
  - sonar.projectName=Tainacan
  - sonar.projectVersion=1.0
  - sonar.sourceEncoding=UTF-8
  - sonar.sources=./
  - sonar.working.directory=T:\tainacan\.scannerwork
